CRITICAL - 2024-10-18 06:24:48 --> ErrorException: Trying to access array offset on value of type null
[Method: GET, Route: checkAdmin]
in APPPATH\Controllers\HomeController.php on line 15.
 1 APPPATH\Controllers\HomeController.php(15): CodeIgniter\Debug\Exceptions->errorHandler(2, 'Trying to access array offset on value of type null', 'C:\\xampp\\htdocs\\SimpleApi\\app\\Controllers\\HomeController.php', 15)
 2 SYSTEMPATH\CodeIgniter.php(933): App\Controllers\HomeController->login()
 3 SYSTEMPATH\CodeIgniter.php(509): CodeIgniter\CodeIgniter->runController(Object(App\Controllers\HomeController))
 4 SYSTEMPATH\CodeIgniter.php(355): CodeIgniter\CodeIgniter->handleRequest(null, Object(Config\Cache), false)
 5 SYSTEMPATH\Boot.php(325): CodeIgniter\CodeIgniter->run()
 6 SYSTEMPATH\Boot.php(67): CodeIgniter\Boot::runCodeIgniter(Object(CodeIgniter\CodeIgniter))
 7 FCPATH\index.php(56): CodeIgniter\Boot::bootWeb(Object(Config\Paths))
CRITICAL - 2024-10-18 06:24:57 --> ErrorException: Undefined property: App\Controllers\HomeController::$load
[Method: GET, Route: checkAdmin]
in APPPATH\Controllers\HomeController.php on line 17.
 1 APPPATH\Controllers\HomeController.php(17): CodeIgniter\Debug\Exceptions->errorHandler(2, 'Undefined property: App\\Controllers\\HomeController::$load', 'C:\\xampp\\htdocs\\SimpleApi\\app\\Controllers\\HomeController.php', 17)
 2 SYSTEMPATH\CodeIgniter.php(933): App\Controllers\HomeController->login()
 3 SYSTEMPATH\CodeIgniter.php(509): CodeIgniter\CodeIgniter->runController(Object(App\Controllers\HomeController))
 4 SYSTEMPATH\CodeIgniter.php(355): CodeIgniter\CodeIgniter->handleRequest(null, Object(Config\Cache), false)
 5 SYSTEMPATH\Boot.php(325): CodeIgniter\CodeIgniter->run()
 6 SYSTEMPATH\Boot.php(67): CodeIgniter\Boot::runCodeIgniter(Object(CodeIgniter\CodeIgniter))
 7 FCPATH\index.php(56): CodeIgniter\Boot::bootWeb(Object(Config\Paths))
CRITICAL - 2024-10-18 06:25:08 --> ErrorException: Undefined property: App\Controllers\HomeController::$load
[Method: GET, Route: checkAdmin]
in APPPATH\Controllers\HomeController.php on line 17.
 1 APPPATH\Controllers\HomeController.php(17): CodeIgniter\Debug\Exceptions->errorHandler(2, 'Undefined property: App\\Controllers\\HomeController::$load', 'C:\\xampp\\htdocs\\SimpleApi\\app\\Controllers\\HomeController.php', 17)
 2 SYSTEMPATH\CodeIgniter.php(933): App\Controllers\HomeController->login()
 3 SYSTEMPATH\CodeIgniter.php(509): CodeIgniter\CodeIgniter->runController(Object(App\Controllers\HomeController))
 4 SYSTEMPATH\CodeIgniter.php(355): CodeIgniter\CodeIgniter->handleRequest(null, Object(Config\Cache), false)
 5 SYSTEMPATH\Boot.php(325): CodeIgniter\CodeIgniter->run()
 6 SYSTEMPATH\Boot.php(67): CodeIgniter\Boot::runCodeIgniter(Object(CodeIgniter\CodeIgniter))
 7 FCPATH\index.php(56): CodeIgniter\Boot::bootWeb(Object(Config\Paths))
CRITICAL - 2024-10-18 06:25:09 --> ErrorException: Undefined property: App\Controllers\HomeController::$load
[Method: GET, Route: checkAdmin]
in APPPATH\Controllers\HomeController.php on line 17.
 1 APPPATH\Controllers\HomeController.php(17): CodeIgniter\Debug\Exceptions->errorHandler(2, 'Undefined property: App\\Controllers\\HomeController::$load', 'C:\\xampp\\htdocs\\SimpleApi\\app\\Controllers\\HomeController.php', 17)
 2 SYSTEMPATH\CodeIgniter.php(933): App\Controllers\HomeController->login()
 3 SYSTEMPATH\CodeIgniter.php(509): CodeIgniter\CodeIgniter->runController(Object(App\Controllers\HomeController))
 4 SYSTEMPATH\CodeIgniter.php(355): CodeIgniter\CodeIgniter->handleRequest(null, Object(Config\Cache), false)
 5 SYSTEMPATH\Boot.php(325): CodeIgniter\CodeIgniter->run()
 6 SYSTEMPATH\Boot.php(67): CodeIgniter\Boot::runCodeIgniter(Object(CodeIgniter\CodeIgniter))
 7 FCPATH\index.php(56): CodeIgniter\Boot::bootWeb(Object(Config\Paths))
CRITICAL - 2024-10-18 06:25:10 --> ErrorException: Undefined property: App\Controllers\HomeController::$load
[Method: GET, Route: checkAdmin]
in APPPATH\Controllers\HomeController.php on line 17.
 1 APPPATH\Controllers\HomeController.php(17): CodeIgniter\Debug\Exceptions->errorHandler(2, 'Undefined property: App\\Controllers\\HomeController::$load', 'C:\\xampp\\htdocs\\SimpleApi\\app\\Controllers\\HomeController.php', 17)
 2 SYSTEMPATH\CodeIgniter.php(933): App\Controllers\HomeController->login()
 3 SYSTEMPATH\CodeIgniter.php(509): CodeIgniter\CodeIgniter->runController(Object(App\Controllers\HomeController))
 4 SYSTEMPATH\CodeIgniter.php(355): CodeIgniter\CodeIgniter->handleRequest(null, Object(Config\Cache), false)
 5 SYSTEMPATH\Boot.php(325): CodeIgniter\CodeIgniter->run()
 6 SYSTEMPATH\Boot.php(67): CodeIgniter\Boot::runCodeIgniter(Object(CodeIgniter\CodeIgniter))
 7 FCPATH\index.php(56): CodeIgniter\Boot::bootWeb(Object(Config\Paths))
CRITICAL - 2024-10-18 06:26:26 --> ErrorException: Trying to access array offset on value of type null
[Method: GET, Route: checkAdmin]
in APPPATH\Controllers\HomeController.php on line 15.
 1 APPPATH\Controllers\HomeController.php(15): CodeIgniter\Debug\Exceptions->errorHandler(2, 'Trying to access array offset on value of type null', 'C:\\xampp\\htdocs\\SimpleApi\\app\\Controllers\\HomeController.php', 15)
 2 SYSTEMPATH\CodeIgniter.php(933): App\Controllers\HomeController->login()
 3 SYSTEMPATH\CodeIgniter.php(509): CodeIgniter\CodeIgniter->runController(Object(App\Controllers\HomeController))
 4 SYSTEMPATH\CodeIgniter.php(355): CodeIgniter\CodeIgniter->handleRequest(null, Object(Config\Cache), false)
 5 SYSTEMPATH\Boot.php(325): CodeIgniter\CodeIgniter->run()
 6 SYSTEMPATH\Boot.php(67): CodeIgniter\Boot::runCodeIgniter(Object(CodeIgniter\CodeIgniter))
 7 FCPATH\index.php(56): CodeIgniter\Boot::bootWeb(Object(Config\Paths))
CRITICAL - 2024-10-18 06:26:27 --> ErrorException: Trying to access array offset on value of type null
[Method: GET, Route: checkAdmin]
in APPPATH\Controllers\HomeController.php on line 15.
 1 APPPATH\Controllers\HomeController.php(15): CodeIgniter\Debug\Exceptions->errorHandler(2, 'Trying to access array offset on value of type null', 'C:\\xampp\\htdocs\\SimpleApi\\app\\Controllers\\HomeController.php', 15)
 2 SYSTEMPATH\CodeIgniter.php(933): App\Controllers\HomeController->login()
 3 SYSTEMPATH\CodeIgniter.php(509): CodeIgniter\CodeIgniter->runController(Object(App\Controllers\HomeController))
 4 SYSTEMPATH\CodeIgniter.php(355): CodeIgniter\CodeIgniter->handleRequest(null, Object(Config\Cache), false)
 5 SYSTEMPATH\Boot.php(325): CodeIgniter\CodeIgniter->run()
 6 SYSTEMPATH\Boot.php(67): CodeIgniter\Boot::runCodeIgniter(Object(CodeIgniter\CodeIgniter))
 7 FCPATH\index.php(56): CodeIgniter\Boot::bootWeb(Object(Config\Paths))
CRITICAL - 2024-10-18 06:26:27 --> ErrorException: Trying to access array offset on value of type null
[Method: GET, Route: checkAdmin]
in APPPATH\Controllers\HomeController.php on line 15.
 1 APPPATH\Controllers\HomeController.php(15): CodeIgniter\Debug\Exceptions->errorHandler(2, 'Trying to access array offset on value of type null', 'C:\\xampp\\htdocs\\SimpleApi\\app\\Controllers\\HomeController.php', 15)
 2 SYSTEMPATH\CodeIgniter.php(933): App\Controllers\HomeController->login()
 3 SYSTEMPATH\CodeIgniter.php(509): CodeIgniter\CodeIgniter->runController(Object(App\Controllers\HomeController))
 4 SYSTEMPATH\CodeIgniter.php(355): CodeIgniter\CodeIgniter->handleRequest(null, Object(Config\Cache), false)
 5 SYSTEMPATH\Boot.php(325): CodeIgniter\CodeIgniter->run()
 6 SYSTEMPATH\Boot.php(67): CodeIgniter\Boot::runCodeIgniter(Object(CodeIgniter\CodeIgniter))
 7 FCPATH\index.php(56): CodeIgniter\Boot::bootWeb(Object(Config\Paths))
CRITICAL - 2024-10-18 06:26:27 --> ErrorException: Trying to access array offset on value of type null
[Method: GET, Route: checkAdmin]
in APPPATH\Controllers\HomeController.php on line 15.
 1 APPPATH\Controllers\HomeController.php(15): CodeIgniter\Debug\Exceptions->errorHandler(2, 'Trying to access array offset on value of type null', 'C:\\xampp\\htdocs\\SimpleApi\\app\\Controllers\\HomeController.php', 15)
 2 SYSTEMPATH\CodeIgniter.php(933): App\Controllers\HomeController->login()
 3 SYSTEMPATH\CodeIgniter.php(509): CodeIgniter\CodeIgniter->runController(Object(App\Controllers\HomeController))
 4 SYSTEMPATH\CodeIgniter.php(355): CodeIgniter\CodeIgniter->handleRequest(null, Object(Config\Cache), false)
 5 SYSTEMPATH\Boot.php(325): CodeIgniter\CodeIgniter->run()
 6 SYSTEMPATH\Boot.php(67): CodeIgniter\Boot::runCodeIgniter(Object(CodeIgniter\CodeIgniter))
 7 FCPATH\index.php(56): CodeIgniter\Boot::bootWeb(Object(Config\Paths))
CRITICAL - 2024-10-18 06:26:28 --> ErrorException: Trying to access array offset on value of type null
[Method: GET, Route: checkAdmin]
in APPPATH\Controllers\HomeController.php on line 15.
 1 APPPATH\Controllers\HomeController.php(15): CodeIgniter\Debug\Exceptions->errorHandler(2, 'Trying to access array offset on value of type null', 'C:\\xampp\\htdocs\\SimpleApi\\app\\Controllers\\HomeController.php', 15)
 2 SYSTEMPATH\CodeIgniter.php(933): App\Controllers\HomeController->login()
 3 SYSTEMPATH\CodeIgniter.php(509): CodeIgniter\CodeIgniter->runController(Object(App\Controllers\HomeController))
 4 SYSTEMPATH\CodeIgniter.php(355): CodeIgniter\CodeIgniter->handleRequest(null, Object(Config\Cache), false)
 5 SYSTEMPATH\Boot.php(325): CodeIgniter\CodeIgniter->run()
 6 SYSTEMPATH\Boot.php(67): CodeIgniter\Boot::runCodeIgniter(Object(CodeIgniter\CodeIgniter))
 7 FCPATH\index.php(56): CodeIgniter\Boot::bootWeb(Object(Config\Paths))
CRITICAL - 2024-10-18 06:26:28 --> ErrorException: Trying to access array offset on value of type null
[Method: GET, Route: checkAdmin]
in APPPATH\Controllers\HomeController.php on line 15.
 1 APPPATH\Controllers\HomeController.php(15): CodeIgniter\Debug\Exceptions->errorHandler(2, 'Trying to access array offset on value of type null', 'C:\\xampp\\htdocs\\SimpleApi\\app\\Controllers\\HomeController.php', 15)
 2 SYSTEMPATH\CodeIgniter.php(933): App\Controllers\HomeController->login()
 3 SYSTEMPATH\CodeIgniter.php(509): CodeIgniter\CodeIgniter->runController(Object(App\Controllers\HomeController))
 4 SYSTEMPATH\CodeIgniter.php(355): CodeIgniter\CodeIgniter->handleRequest(null, Object(Config\Cache), false)
 5 SYSTEMPATH\Boot.php(325): CodeIgniter\CodeIgniter->run()
 6 SYSTEMPATH\Boot.php(67): CodeIgniter\Boot::runCodeIgniter(Object(CodeIgniter\CodeIgniter))
 7 FCPATH\index.php(56): CodeIgniter\Boot::bootWeb(Object(Config\Paths))
CRITICAL - 2024-10-18 06:26:28 --> ErrorException: Trying to access array offset on value of type null
[Method: GET, Route: checkAdmin]
in APPPATH\Controllers\HomeController.php on line 15.
 1 APPPATH\Controllers\HomeController.php(15): CodeIgniter\Debug\Exceptions->errorHandler(2, 'Trying to access array offset on value of type null', 'C:\\xampp\\htdocs\\SimpleApi\\app\\Controllers\\HomeController.php', 15)
 2 SYSTEMPATH\CodeIgniter.php(933): App\Controllers\HomeController->login()
 3 SYSTEMPATH\CodeIgniter.php(509): CodeIgniter\CodeIgniter->runController(Object(App\Controllers\HomeController))
 4 SYSTEMPATH\CodeIgniter.php(355): CodeIgniter\CodeIgniter->handleRequest(null, Object(Config\Cache), false)
 5 SYSTEMPATH\Boot.php(325): CodeIgniter\CodeIgniter->run()
 6 SYSTEMPATH\Boot.php(67): CodeIgniter\Boot::runCodeIgniter(Object(CodeIgniter\CodeIgniter))
 7 FCPATH\index.php(56): CodeIgniter\Boot::bootWeb(Object(Config\Paths))
CRITICAL - 2024-10-18 06:33:23 --> ErrorException: Trying to access array offset on value of type null
[Method: GET, Route: checkAdmin]
in APPPATH\Controllers\HomeController.php on line 15.
 1 APPPATH\Controllers\HomeController.php(15): CodeIgniter\Debug\Exceptions->errorHandler(2, 'Trying to access array offset on value of type null', 'C:\\xampp\\htdocs\\SimpleApi\\app\\Controllers\\HomeController.php', 15)
 2 SYSTEMPATH\CodeIgniter.php(933): App\Controllers\HomeController->login()
 3 SYSTEMPATH\CodeIgniter.php(509): CodeIgniter\CodeIgniter->runController(Object(App\Controllers\HomeController))
 4 SYSTEMPATH\CodeIgniter.php(355): CodeIgniter\CodeIgniter->handleRequest(null, Object(Config\Cache), false)
 5 SYSTEMPATH\Boot.php(325): CodeIgniter\CodeIgniter->run()
 6 SYSTEMPATH\Boot.php(67): CodeIgniter\Boot::runCodeIgniter(Object(CodeIgniter\CodeIgniter))
 7 FCPATH\index.php(56): CodeIgniter\Boot::bootWeb(Object(Config\Paths))
CRITICAL - 2024-10-18 06:33:26 --> ErrorException: Trying to access array offset on value of type null
[Method: GET, Route: checkAdmin]
in APPPATH\Controllers\HomeController.php on line 15.
 1 APPPATH\Controllers\HomeController.php(15): CodeIgniter\Debug\Exceptions->errorHandler(2, 'Trying to access array offset on value of type null', 'C:\\xampp\\htdocs\\SimpleApi\\app\\Controllers\\HomeController.php', 15)
 2 SYSTEMPATH\CodeIgniter.php(933): App\Controllers\HomeController->login()
 3 SYSTEMPATH\CodeIgniter.php(509): CodeIgniter\CodeIgniter->runController(Object(App\Controllers\HomeController))
 4 SYSTEMPATH\CodeIgniter.php(355): CodeIgniter\CodeIgniter->handleRequest(null, Object(Config\Cache), false)
 5 SYSTEMPATH\Boot.php(325): CodeIgniter\CodeIgniter->run()
 6 SYSTEMPATH\Boot.php(67): CodeIgniter\Boot::runCodeIgniter(Object(CodeIgniter\CodeIgniter))
 7 FCPATH\index.php(56): CodeIgniter\Boot::bootWeb(Object(Config\Paths))
CRITICAL - 2024-10-18 06:33:30 --> ErrorException: Trying to access array offset on value of type null
[Method: GET, Route: checkAdmin]
in APPPATH\Controllers\HomeController.php on line 15.
 1 APPPATH\Controllers\HomeController.php(15): CodeIgniter\Debug\Exceptions->errorHandler(2, 'Trying to access array offset on value of type null', 'C:\\xampp\\htdocs\\SimpleApi\\app\\Controllers\\HomeController.php', 15)
 2 SYSTEMPATH\CodeIgniter.php(933): App\Controllers\HomeController->login()
 3 SYSTEMPATH\CodeIgniter.php(509): CodeIgniter\CodeIgniter->runController(Object(App\Controllers\HomeController))
 4 SYSTEMPATH\CodeIgniter.php(355): CodeIgniter\CodeIgniter->handleRequest(null, Object(Config\Cache), false)
 5 SYSTEMPATH\Boot.php(325): CodeIgniter\CodeIgniter->run()
 6 SYSTEMPATH\Boot.php(67): CodeIgniter\Boot::runCodeIgniter(Object(CodeIgniter\CodeIgniter))
 7 FCPATH\index.php(56): CodeIgniter\Boot::bootWeb(Object(Config\Paths))
CRITICAL - 2024-10-18 06:33:31 --> ErrorException: Trying to access array offset on value of type null
[Method: GET, Route: checkAdmin]
in APPPATH\Controllers\HomeController.php on line 15.
 1 APPPATH\Controllers\HomeController.php(15): CodeIgniter\Debug\Exceptions->errorHandler(2, 'Trying to access array offset on value of type null', 'C:\\xampp\\htdocs\\SimpleApi\\app\\Controllers\\HomeController.php', 15)
 2 SYSTEMPATH\CodeIgniter.php(933): App\Controllers\HomeController->login()
 3 SYSTEMPATH\CodeIgniter.php(509): CodeIgniter\CodeIgniter->runController(Object(App\Controllers\HomeController))
 4 SYSTEMPATH\CodeIgniter.php(355): CodeIgniter\CodeIgniter->handleRequest(null, Object(Config\Cache), false)
 5 SYSTEMPATH\Boot.php(325): CodeIgniter\CodeIgniter->run()
 6 SYSTEMPATH\Boot.php(67): CodeIgniter\Boot::runCodeIgniter(Object(CodeIgniter\CodeIgniter))
 7 FCPATH\index.php(56): CodeIgniter\Boot::bootWeb(Object(Config\Paths))
CRITICAL - 2024-10-18 06:33:36 --> ErrorException: Undefined property: App\Controllers\HomeController::$load
[Method: GET, Route: checkAdmin]
in APPPATH\Controllers\HomeController.php on line 17.
 1 APPPATH\Controllers\HomeController.php(17): CodeIgniter\Debug\Exceptions->errorHandler(2, 'Undefined property: App\\Controllers\\HomeController::$load', 'C:\\xampp\\htdocs\\SimpleApi\\app\\Controllers\\HomeController.php', 17)
 2 SYSTEMPATH\CodeIgniter.php(933): App\Controllers\HomeController->login()
 3 SYSTEMPATH\CodeIgniter.php(509): CodeIgniter\CodeIgniter->runController(Object(App\Controllers\HomeController))
 4 SYSTEMPATH\CodeIgniter.php(355): CodeIgniter\CodeIgniter->handleRequest(null, Object(Config\Cache), false)
 5 SYSTEMPATH\Boot.php(325): CodeIgniter\CodeIgniter->run()
 6 SYSTEMPATH\Boot.php(67): CodeIgniter\Boot::runCodeIgniter(Object(CodeIgniter\CodeIgniter))
 7 FCPATH\index.php(56): CodeIgniter\Boot::bootWeb(Object(Config\Paths))
CRITICAL - 2024-10-18 06:33:38 --> ErrorException: Undefined property: App\Controllers\HomeController::$load
[Method: GET, Route: checkAdmin]
in APPPATH\Controllers\HomeController.php on line 17.
 1 APPPATH\Controllers\HomeController.php(17): CodeIgniter\Debug\Exceptions->errorHandler(2, 'Undefined property: App\\Controllers\\HomeController::$load', 'C:\\xampp\\htdocs\\SimpleApi\\app\\Controllers\\HomeController.php', 17)
 2 SYSTEMPATH\CodeIgniter.php(933): App\Controllers\HomeController->login()
 3 SYSTEMPATH\CodeIgniter.php(509): CodeIgniter\CodeIgniter->runController(Object(App\Controllers\HomeController))
 4 SYSTEMPATH\CodeIgniter.php(355): CodeIgniter\CodeIgniter->handleRequest(null, Object(Config\Cache), false)
 5 SYSTEMPATH\Boot.php(325): CodeIgniter\CodeIgniter->run()
 6 SYSTEMPATH\Boot.php(67): CodeIgniter\Boot::runCodeIgniter(Object(CodeIgniter\CodeIgniter))
 7 FCPATH\index.php(56): CodeIgniter\Boot::bootWeb(Object(Config\Paths))
CRITICAL - 2024-10-18 06:33:46 --> ErrorException: Trying to access array offset on value of type null
[Method: GET, Route: checkAdmin]
in APPPATH\Controllers\HomeController.php on line 15.
 1 APPPATH\Controllers\HomeController.php(15): CodeIgniter\Debug\Exceptions->errorHandler(2, 'Trying to access array offset on value of type null', 'C:\\xampp\\htdocs\\SimpleApi\\app\\Controllers\\HomeController.php', 15)
 2 SYSTEMPATH\CodeIgniter.php(933): App\Controllers\HomeController->login()
 3 SYSTEMPATH\CodeIgniter.php(509): CodeIgniter\CodeIgniter->runController(Object(App\Controllers\HomeController))
 4 SYSTEMPATH\CodeIgniter.php(355): CodeIgniter\CodeIgniter->handleRequest(null, Object(Config\Cache), false)
 5 SYSTEMPATH\Boot.php(325): CodeIgniter\CodeIgniter->run()
 6 SYSTEMPATH\Boot.php(67): CodeIgniter\Boot::runCodeIgniter(Object(CodeIgniter\CodeIgniter))
 7 FCPATH\index.php(56): CodeIgniter\Boot::bootWeb(Object(Config\Paths))
CRITICAL - 2024-10-18 06:33:59 --> ErrorException: Trying to access array offset on value of type null
[Method: GET, Route: checkAdmin]
in APPPATH\Controllers\HomeController.php on line 15.
 1 APPPATH\Controllers\HomeController.php(15): CodeIgniter\Debug\Exceptions->errorHandler(2, 'Trying to access array offset on value of type null', 'C:\\xampp\\htdocs\\SimpleApi\\app\\Controllers\\HomeController.php', 15)
 2 SYSTEMPATH\CodeIgniter.php(933): App\Controllers\HomeController->login()
 3 SYSTEMPATH\CodeIgniter.php(509): CodeIgniter\CodeIgniter->runController(Object(App\Controllers\HomeController))
 4 SYSTEMPATH\CodeIgniter.php(355): CodeIgniter\CodeIgniter->handleRequest(null, Object(Config\Cache), false)
 5 SYSTEMPATH\Boot.php(325): CodeIgniter\CodeIgniter->run()
 6 SYSTEMPATH\Boot.php(67): CodeIgniter\Boot::runCodeIgniter(Object(CodeIgniter\CodeIgniter))
 7 FCPATH\index.php(56): CodeIgniter\Boot::bootWeb(Object(Config\Paths))
CRITICAL - 2024-10-18 06:34:00 --> ErrorException: Trying to access array offset on value of type null
[Method: GET, Route: checkAdmin]
in APPPATH\Controllers\HomeController.php on line 15.
 1 APPPATH\Controllers\HomeController.php(15): CodeIgniter\Debug\Exceptions->errorHandler(2, 'Trying to access array offset on value of type null', 'C:\\xampp\\htdocs\\SimpleApi\\app\\Controllers\\HomeController.php', 15)
 2 SYSTEMPATH\CodeIgniter.php(933): App\Controllers\HomeController->login()
 3 SYSTEMPATH\CodeIgniter.php(509): CodeIgniter\CodeIgniter->runController(Object(App\Controllers\HomeController))
 4 SYSTEMPATH\CodeIgniter.php(355): CodeIgniter\CodeIgniter->handleRequest(null, Object(Config\Cache), false)
 5 SYSTEMPATH\Boot.php(325): CodeIgniter\CodeIgniter->run()
 6 SYSTEMPATH\Boot.php(67): CodeIgniter\Boot::runCodeIgniter(Object(CodeIgniter\CodeIgniter))
 7 FCPATH\index.php(56): CodeIgniter\Boot::bootWeb(Object(Config\Paths))
CRITICAL - 2024-10-18 06:36:51 --> ErrorException: Trying to access array offset on value of type null
[Method: GET, Route: checkAdmin]
in APPPATH\Controllers\HomeController.php on line 15.
 1 APPPATH\Controllers\HomeController.php(15): CodeIgniter\Debug\Exceptions->errorHandler(2, 'Trying to access array offset on value of type null', 'C:\\xampp\\htdocs\\SimpleApi\\app\\Controllers\\HomeController.php', 15)
 2 SYSTEMPATH\CodeIgniter.php(933): App\Controllers\HomeController->login()
 3 SYSTEMPATH\CodeIgniter.php(509): CodeIgniter\CodeIgniter->runController(Object(App\Controllers\HomeController))
 4 SYSTEMPATH\CodeIgniter.php(355): CodeIgniter\CodeIgniter->handleRequest(null, Object(Config\Cache), false)
 5 SYSTEMPATH\Boot.php(325): CodeIgniter\CodeIgniter->run()
 6 SYSTEMPATH\Boot.php(67): CodeIgniter\Boot::runCodeIgniter(Object(CodeIgniter\CodeIgniter))
 7 FCPATH\index.php(56): CodeIgniter\Boot::bootWeb(Object(Config\Paths))
CRITICAL - 2024-10-18 06:42:10 --> ErrorException: Trying to access array offset on value of type null
[Method: GET, Route: checkAdmin]
in APPPATH\Controllers\HomeController.php on line 15.
 1 APPPATH\Controllers\HomeController.php(15): CodeIgniter\Debug\Exceptions->errorHandler(2, 'Trying to access array offset on value of type null', 'C:\\xampp\\htdocs\\SimpleApi\\app\\Controllers\\HomeController.php', 15)
 2 SYSTEMPATH\CodeIgniter.php(933): App\Controllers\HomeController->login()
 3 SYSTEMPATH\CodeIgniter.php(509): CodeIgniter\CodeIgniter->runController(Object(App\Controllers\HomeController))
 4 SYSTEMPATH\CodeIgniter.php(355): CodeIgniter\CodeIgniter->handleRequest(null, Object(Config\Cache), false)
 5 SYSTEMPATH\Boot.php(325): CodeIgniter\CodeIgniter->run()
 6 SYSTEMPATH\Boot.php(67): CodeIgniter\Boot::runCodeIgniter(Object(CodeIgniter\CodeIgniter))
 7 FCPATH\index.php(56): CodeIgniter\Boot::bootWeb(Object(Config\Paths))
CRITICAL - 2024-10-18 07:23:01 --> ErrorException: Trying to access array offset on value of type null
[Method: GET, Route: checkAdmin]
in APPPATH\Controllers\HomeController.php on line 15.
 1 APPPATH\Controllers\HomeController.php(15): CodeIgniter\Debug\Exceptions->errorHandler(2, 'Trying to access array offset on value of type null', 'C:\\xampp\\htdocs\\SimpleApi\\app\\Controllers\\HomeController.php', 15)
 2 SYSTEMPATH\CodeIgniter.php(933): App\Controllers\HomeController->login()
 3 SYSTEMPATH\CodeIgniter.php(509): CodeIgniter\CodeIgniter->runController(Object(App\Controllers\HomeController))
 4 SYSTEMPATH\CodeIgniter.php(355): CodeIgniter\CodeIgniter->handleRequest(null, Object(Config\Cache), false)
 5 SYSTEMPATH\Boot.php(325): CodeIgniter\CodeIgniter->run()
 6 SYSTEMPATH\Boot.php(67): CodeIgniter\Boot::runCodeIgniter(Object(CodeIgniter\CodeIgniter))
 7 FCPATH\index.php(56): CodeIgniter\Boot::bootWeb(Object(Config\Paths))
CRITICAL - 2024-10-18 09:15:43 --> ErrorException: Trying to access array offset on value of type null
[Method: GET, Route: checkAdmin]
in APPPATH\Controllers\HomeController.php on line 18.
 1 APPPATH\Controllers\HomeController.php(18): CodeIgniter\Debug\Exceptions->errorHandler(2, 'Trying to access array offset on value of type null', 'C:\\xampp\\htdocs\\SimpleApi\\app\\Controllers\\HomeController.php', 18)
 2 SYSTEMPATH\CodeIgniter.php(933): App\Controllers\HomeController->login()
 3 SYSTEMPATH\CodeIgniter.php(509): CodeIgniter\CodeIgniter->runController(Object(App\Controllers\HomeController))
 4 SYSTEMPATH\CodeIgniter.php(355): CodeIgniter\CodeIgniter->handleRequest(null, Object(Config\Cache), false)
 5 SYSTEMPATH\Boot.php(325): CodeIgniter\CodeIgniter->run()
 6 SYSTEMPATH\Boot.php(67): CodeIgniter\Boot::runCodeIgniter(Object(CodeIgniter\CodeIgniter))
 7 FCPATH\index.php(56): CodeIgniter\Boot::bootWeb(Object(Config\Paths))
CRITICAL - 2024-10-18 09:15:56 --> ErrorException: Trying to access array offset on value of type null
[Method: GET, Route: checkAdmin]
in APPPATH\Controllers\HomeController.php on line 18.
 1 APPPATH\Controllers\HomeController.php(18): CodeIgniter\Debug\Exceptions->errorHandler(2, 'Trying to access array offset on value of type null', 'C:\\xampp\\htdocs\\SimpleApi\\app\\Controllers\\HomeController.php', 18)
 2 SYSTEMPATH\CodeIgniter.php(933): App\Controllers\HomeController->login()
 3 SYSTEMPATH\CodeIgniter.php(509): CodeIgniter\CodeIgniter->runController(Object(App\Controllers\HomeController))
 4 SYSTEMPATH\CodeIgniter.php(355): CodeIgniter\CodeIgniter->handleRequest(null, Object(Config\Cache), false)
 5 SYSTEMPATH\Boot.php(325): CodeIgniter\CodeIgniter->run()
 6 SYSTEMPATH\Boot.php(67): CodeIgniter\Boot::runCodeIgniter(Object(CodeIgniter\CodeIgniter))
 7 FCPATH\index.php(56): CodeIgniter\Boot::bootWeb(Object(Config\Paths))
CRITICAL - 2024-10-18 09:15:57 --> ErrorException: Trying to access array offset on value of type null
[Method: GET, Route: checkAdmin]
in APPPATH\Controllers\HomeController.php on line 18.
 1 APPPATH\Controllers\HomeController.php(18): CodeIgniter\Debug\Exceptions->errorHandler(2, 'Trying to access array offset on value of type null', 'C:\\xampp\\htdocs\\SimpleApi\\app\\Controllers\\HomeController.php', 18)
 2 SYSTEMPATH\CodeIgniter.php(933): App\Controllers\HomeController->login()
 3 SYSTEMPATH\CodeIgniter.php(509): CodeIgniter\CodeIgniter->runController(Object(App\Controllers\HomeController))
 4 SYSTEMPATH\CodeIgniter.php(355): CodeIgniter\CodeIgniter->handleRequest(null, Object(Config\Cache), false)
 5 SYSTEMPATH\Boot.php(325): CodeIgniter\CodeIgniter->run()
 6 SYSTEMPATH\Boot.php(67): CodeIgniter\Boot::runCodeIgniter(Object(CodeIgniter\CodeIgniter))
 7 FCPATH\index.php(56): CodeIgniter\Boot::bootWeb(Object(Config\Paths))
CRITICAL - 2024-10-18 09:15:58 --> ErrorException: Trying to access array offset on value of type null
[Method: GET, Route: checkAdmin]
in APPPATH\Controllers\HomeController.php on line 18.
 1 APPPATH\Controllers\HomeController.php(18): CodeIgniter\Debug\Exceptions->errorHandler(2, 'Trying to access array offset on value of type null', 'C:\\xampp\\htdocs\\SimpleApi\\app\\Controllers\\HomeController.php', 18)
 2 SYSTEMPATH\CodeIgniter.php(933): App\Controllers\HomeController->login()
 3 SYSTEMPATH\CodeIgniter.php(509): CodeIgniter\CodeIgniter->runController(Object(App\Controllers\HomeController))
 4 SYSTEMPATH\CodeIgniter.php(355): CodeIgniter\CodeIgniter->handleRequest(null, Object(Config\Cache), false)
 5 SYSTEMPATH\Boot.php(325): CodeIgniter\CodeIgniter->run()
 6 SYSTEMPATH\Boot.php(67): CodeIgniter\Boot::runCodeIgniter(Object(CodeIgniter\CodeIgniter))
 7 FCPATH\index.php(56): CodeIgniter\Boot::bootWeb(Object(Config\Paths))
CRITICAL - 2024-10-18 09:17:57 --> ErrorException: Trying to access array offset on value of type null
[Method: GET, Route: checkAdmin]
in APPPATH\Controllers\HomeController.php on line 18.
 1 APPPATH\Controllers\HomeController.php(18): CodeIgniter\Debug\Exceptions->errorHandler(2, 'Trying to access array offset on value of type null', 'C:\\xampp\\htdocs\\SimpleApi\\app\\Controllers\\HomeController.php', 18)
 2 SYSTEMPATH\CodeIgniter.php(933): App\Controllers\HomeController->login()
 3 SYSTEMPATH\CodeIgniter.php(509): CodeIgniter\CodeIgniter->runController(Object(App\Controllers\HomeController))
 4 SYSTEMPATH\CodeIgniter.php(355): CodeIgniter\CodeIgniter->handleRequest(null, Object(Config\Cache), false)
 5 SYSTEMPATH\Boot.php(325): CodeIgniter\CodeIgniter->run()
 6 SYSTEMPATH\Boot.php(67): CodeIgniter\Boot::runCodeIgniter(Object(CodeIgniter\CodeIgniter))
 7 FCPATH\index.php(56): CodeIgniter\Boot::bootWeb(Object(Config\Paths))
CRITICAL - 2024-10-18 09:46:34 --> ErrorException: Trying to access array offset on value of type null
[Method: GET, Route: checkAdmin]
in APPPATH\Controllers\HomeController.php on line 18.
 1 APPPATH\Controllers\HomeController.php(18): CodeIgniter\Debug\Exceptions->errorHandler(2, 'Trying to access array offset on value of type null', 'C:\\xampp\\htdocs\\SimpleApi\\app\\Controllers\\HomeController.php', 18)
 2 SYSTEMPATH\CodeIgniter.php(933): App\Controllers\HomeController->login()
 3 SYSTEMPATH\CodeIgniter.php(509): CodeIgniter\CodeIgniter->runController(Object(App\Controllers\HomeController))
 4 SYSTEMPATH\CodeIgniter.php(355): CodeIgniter\CodeIgniter->handleRequest(null, Object(Config\Cache), false)
 5 SYSTEMPATH\Boot.php(325): CodeIgniter\CodeIgniter->run()
 6 SYSTEMPATH\Boot.php(67): CodeIgniter\Boot::runCodeIgniter(Object(CodeIgniter\CodeIgniter))
 7 FCPATH\index.php(56): CodeIgniter\Boot::bootWeb(Object(Config\Paths))
CRITICAL - 2024-10-18 09:46:35 --> ErrorException: Trying to access array offset on value of type null
[Method: GET, Route: checkAdmin]
in APPPATH\Controllers\HomeController.php on line 18.
 1 APPPATH\Controllers\HomeController.php(18): CodeIgniter\Debug\Exceptions->errorHandler(2, 'Trying to access array offset on value of type null', 'C:\\xampp\\htdocs\\SimpleApi\\app\\Controllers\\HomeController.php', 18)
 2 SYSTEMPATH\CodeIgniter.php(933): App\Controllers\HomeController->login()
 3 SYSTEMPATH\CodeIgniter.php(509): CodeIgniter\CodeIgniter->runController(Object(App\Controllers\HomeController))
 4 SYSTEMPATH\CodeIgniter.php(355): CodeIgniter\CodeIgniter->handleRequest(null, Object(Config\Cache), false)
 5 SYSTEMPATH\Boot.php(325): CodeIgniter\CodeIgniter->run()
 6 SYSTEMPATH\Boot.php(67): CodeIgniter\Boot::runCodeIgniter(Object(CodeIgniter\CodeIgniter))
 7 FCPATH\index.php(56): CodeIgniter\Boot::bootWeb(Object(Config\Paths))
CRITICAL - 2024-10-18 09:46:36 --> ErrorException: Trying to access array offset on value of type null
[Method: GET, Route: checkAdmin]
in APPPATH\Controllers\HomeController.php on line 18.
 1 APPPATH\Controllers\HomeController.php(18): CodeIgniter\Debug\Exceptions->errorHandler(2, 'Trying to access array offset on value of type null', 'C:\\xampp\\htdocs\\SimpleApi\\app\\Controllers\\HomeController.php', 18)
 2 SYSTEMPATH\CodeIgniter.php(933): App\Controllers\HomeController->login()
 3 SYSTEMPATH\CodeIgniter.php(509): CodeIgniter\CodeIgniter->runController(Object(App\Controllers\HomeController))
 4 SYSTEMPATH\CodeIgniter.php(355): CodeIgniter\CodeIgniter->handleRequest(null, Object(Config\Cache), false)
 5 SYSTEMPATH\Boot.php(325): CodeIgniter\CodeIgniter->run()
 6 SYSTEMPATH\Boot.php(67): CodeIgniter\Boot::runCodeIgniter(Object(CodeIgniter\CodeIgniter))
 7 FCPATH\index.php(56): CodeIgniter\Boot::bootWeb(Object(Config\Paths))
CRITICAL - 2024-10-18 09:46:43 --> ErrorException: Trying to access array offset on value of type null
[Method: GET, Route: checkAdmin]
in APPPATH\Controllers\HomeController.php on line 18.
 1 APPPATH\Controllers\HomeController.php(18): CodeIgniter\Debug\Exceptions->errorHandler(2, 'Trying to access array offset on value of type null', 'C:\\xampp\\htdocs\\SimpleApi\\app\\Controllers\\HomeController.php', 18)
 2 SYSTEMPATH\CodeIgniter.php(933): App\Controllers\HomeController->login()
 3 SYSTEMPATH\CodeIgniter.php(509): CodeIgniter\CodeIgniter->runController(Object(App\Controllers\HomeController))
 4 SYSTEMPATH\CodeIgniter.php(355): CodeIgniter\CodeIgniter->handleRequest(null, Object(Config\Cache), false)
 5 SYSTEMPATH\Boot.php(325): CodeIgniter\CodeIgniter->run()
 6 SYSTEMPATH\Boot.php(67): CodeIgniter\Boot::runCodeIgniter(Object(CodeIgniter\CodeIgniter))
 7 FCPATH\index.php(56): CodeIgniter\Boot::bootWeb(Object(Config\Paths))
