CRITICAL - 2024-10-19 10:35:37 --> ErrorException: Trying to access array offset on value of type null
[Method: GET, Route: checkAdmin]
in APPPATH\Controllers\HomeController.php on line 20.
 1 APPPATH\Controllers\HomeController.php(20): CodeIgniter\Debug\Exceptions->errorHandler(2, 'Trying to access array offset on value of type null', 'C:\\xampp\\htdocs\\SimpleApi\\app\\Controllers\\HomeController.php', 20)
 2 SYSTEMPATH\CodeIgniter.php(933): App\Controllers\HomeController->login()
 3 SYSTEMPATH\CodeIgniter.php(509): CodeIgniter\CodeIgniter->runController(Object(App\Controllers\HomeController))
 4 SYSTEMPATH\CodeIgniter.php(355): CodeIgniter\CodeIgniter->handleRequest(null, Object(Config\Cache), false)
 5 SYSTEMPATH\Boot.php(325): CodeIgniter\CodeIgniter->run()
 6 SYSTEMPATH\Boot.php(67): CodeIgniter\Boot::runCodeIgniter(Object(CodeIgniter\CodeIgniter))
 7 FCPATH\index.php(56): CodeIgniter\Boot::bootWeb(Object(Config\Paths))
CRITICAL - 2024-10-19 10:36:03 --> ErrorException: Trying to access array offset on value of type null
[Method: GET, Route: checkAdmin]
in APPPATH\Controllers\HomeController.php on line 20.
 1 APPPATH\Controllers\HomeController.php(20): CodeIgniter\Debug\Exceptions->errorHandler(2, 'Trying to access array offset on value of type null', 'C:\\xampp\\htdocs\\SimpleApi\\app\\Controllers\\HomeController.php', 20)
 2 SYSTEMPATH\CodeIgniter.php(933): App\Controllers\HomeController->login()
 3 SYSTEMPATH\CodeIgniter.php(509): CodeIgniter\CodeIgniter->runController(Object(App\Controllers\HomeController))
 4 SYSTEMPATH\CodeIgniter.php(355): CodeIgniter\CodeIgniter->handleRequest(null, Object(Config\Cache), false)
 5 SYSTEMPATH\Boot.php(325): CodeIgniter\CodeIgniter->run()
 6 SYSTEMPATH\Boot.php(67): CodeIgniter\Boot::runCodeIgniter(Object(CodeIgniter\CodeIgniter))
 7 FCPATH\index.php(56): CodeIgniter\Boot::bootWeb(Object(Config\Paths))
