CRITICAL - 2024-10-24 05:21:26 --> ErrorException: Trying to access array offset on value of type null
[Method: GET, Route: checkAdmin]
in APPPATH\Controllers\HomeController.php on line 20.
 1 APPPATH\Controllers\HomeController.php(20): CodeIgniter\Debug\Exceptions->errorHandler(2, 'Trying to access array offset on value of type null', 'C:\\xampp\\htdocs\\SimpleApi\\app\\Controllers\\HomeController.php', 20)
 2 SYSTEMPATH\CodeIgniter.php(933): App\Controllers\HomeController->login()
 3 SYSTEMPATH\CodeIgniter.php(509): CodeIgniter\CodeIgniter->runController(Object(App\Controllers\HomeController))
 4 SYSTEMPATH\CodeIgniter.php(355): CodeIgniter\CodeIgniter->handleRequest(null, Object(Config\Cache), false)
 5 SYSTEMPATH\Boot.php(325): CodeIgniter\CodeIgniter->run()
 6 SYSTEMPATH\Boot.php(67): CodeIgniter\Boot::runCodeIgniter(Object(CodeIgniter\CodeIgniter))
 7 FCPATH\index.php(56): CodeIgniter\Boot::bootWeb(Object(Config\Paths))
CRITICAL - 2024-10-24 05:37:38 --> ErrorException: Trying to access array offset on value of type null
[Method: GET, Route: checkAdmin]
in APPPATH\Controllers\HomeController.php on line 20.
 1 APPPATH\Controllers\HomeController.php(20): CodeIgniter\Debug\Exceptions->errorHandler(2, 'Trying to access array offset on value of type null', 'C:\\xampp\\htdocs\\SimpleApi\\app\\Controllers\\HomeController.php', 20)
 2 SYSTEMPATH\CodeIgniter.php(933): App\Controllers\HomeController->login()
 3 SYSTEMPATH\CodeIgniter.php(509): CodeIgniter\CodeIgniter->runController(Object(App\Controllers\HomeController))
 4 SYSTEMPATH\CodeIgniter.php(355): CodeIgniter\CodeIgniter->handleRequest(null, Object(Config\Cache), false)
 5 SYSTEMPATH\Boot.php(325): CodeIgniter\CodeIgniter->run()
 6 SYSTEMPATH\Boot.php(67): CodeIgniter\Boot::runCodeIgniter(Object(CodeIgniter\CodeIgniter))
 7 FCPATH\index.php(56): CodeIgniter\Boot::bootWeb(Object(Config\Paths))
CRITICAL - 2024-10-24 05:41:27 --> ErrorException: Trying to access array offset on value of type null
[Method: GET, Route: checkAdmin]
in APPPATH\Controllers\HomeController.php on line 22.
 1 APPPATH\Controllers\HomeController.php(22): CodeIgniter\Debug\Exceptions->errorHandler(2, 'Trying to access array offset on value of type null', 'C:\\xampp\\htdocs\\SimpleApi\\app\\Controllers\\HomeController.php', 22)
 2 SYSTEMPATH\CodeIgniter.php(933): App\Controllers\HomeController->login()
 3 SYSTEMPATH\CodeIgniter.php(509): CodeIgniter\CodeIgniter->runController(Object(App\Controllers\HomeController))
 4 SYSTEMPATH\CodeIgniter.php(355): CodeIgniter\CodeIgniter->handleRequest(null, Object(Config\Cache), false)
 5 SYSTEMPATH\Boot.php(325): CodeIgniter\CodeIgniter->run()
 6 SYSTEMPATH\Boot.php(67): CodeIgniter\Boot::runCodeIgniter(Object(CodeIgniter\CodeIgniter))
 7 FCPATH\index.php(56): CodeIgniter\Boot::bootWeb(Object(Config\Paths))
CRITICAL - 2024-10-24 05:43:26 --> ErrorException: Trying to access array offset on value of type null
[Method: GET, Route: checkAdmin]
in APPPATH\Controllers\HomeController.php on line 22.
 1 APPPATH\Controllers\HomeController.php(22): CodeIgniter\Debug\Exceptions->errorHandler(2, 'Trying to access array offset on value of type null', 'C:\\xampp\\htdocs\\SimpleApi\\app\\Controllers\\HomeController.php', 22)
 2 SYSTEMPATH\CodeIgniter.php(933): App\Controllers\HomeController->login()
 3 SYSTEMPATH\CodeIgniter.php(509): CodeIgniter\CodeIgniter->runController(Object(App\Controllers\HomeController))
 4 SYSTEMPATH\CodeIgniter.php(355): CodeIgniter\CodeIgniter->handleRequest(null, Object(Config\Cache), false)
 5 SYSTEMPATH\Boot.php(325): CodeIgniter\CodeIgniter->run()
 6 SYSTEMPATH\Boot.php(67): CodeIgniter\Boot::runCodeIgniter(Object(CodeIgniter\CodeIgniter))
 7 FCPATH\index.php(56): CodeIgniter\Boot::bootWeb(Object(Config\Paths))
CRITICAL - 2024-10-24 05:43:28 --> ErrorException: Trying to access array offset on value of type null
[Method: GET, Route: checkAdmin]
in APPPATH\Controllers\HomeController.php on line 22.
 1 APPPATH\Controllers\HomeController.php(22): CodeIgniter\Debug\Exceptions->errorHandler(2, 'Trying to access array offset on value of type null', 'C:\\xampp\\htdocs\\SimpleApi\\app\\Controllers\\HomeController.php', 22)
 2 SYSTEMPATH\CodeIgniter.php(933): App\Controllers\HomeController->login()
 3 SYSTEMPATH\CodeIgniter.php(509): CodeIgniter\CodeIgniter->runController(Object(App\Controllers\HomeController))
 4 SYSTEMPATH\CodeIgniter.php(355): CodeIgniter\CodeIgniter->handleRequest(null, Object(Config\Cache), false)
 5 SYSTEMPATH\Boot.php(325): CodeIgniter\CodeIgniter->run()
 6 SYSTEMPATH\Boot.php(67): CodeIgniter\Boot::runCodeIgniter(Object(CodeIgniter\CodeIgniter))
 7 FCPATH\index.php(56): CodeIgniter\Boot::bootWeb(Object(Config\Paths))
CRITICAL - 2024-10-24 05:57:55 --> TypeError: CodeIgniter\Database\BaseBuilder::get(): Argument #1 ($limit) must be of type ?int, string given, called in C:\xampp\htdocs\SimpleApi\app\Models\ApiModel.php on line 223
[Method: GET, Route: checkAdmin]
in SYSTEMPATH\Database\BaseBuilder.php on line 1631.
 1 APPPATH\Models\ApiModel.php(223): CodeIgniter\Database\BaseBuilder->get('users')
 2 APPPATH\Controllers\HomeController.php(82): App\Models\ApiModel->getUserByEmail('')
 3 SYSTEMPATH\CodeIgniter.php(933): App\Controllers\HomeController->login()
 4 SYSTEMPATH\CodeIgniter.php(509): CodeIgniter\CodeIgniter->runController(Object(App\Controllers\HomeController))
 5 SYSTEMPATH\CodeIgniter.php(355): CodeIgniter\CodeIgniter->handleRequest(null, Object(Config\Cache), false)
 6 SYSTEMPATH\Boot.php(325): CodeIgniter\CodeIgniter->run()
 7 SYSTEMPATH\Boot.php(67): CodeIgniter\Boot::runCodeIgniter(Object(CodeIgniter\CodeIgniter))
 8 FCPATH\index.php(56): CodeIgniter\Boot::bootWeb(Object(Config\Paths))
CRITICAL - 2024-10-24 05:58:40 --> TypeError: CodeIgniter\Database\BaseBuilder::get(): Argument #1 ($limit) must be of type ?int, string given, called in C:\xampp\htdocs\SimpleApi\app\Models\ApiModel.php on line 223
[Method: GET, Route: checkAdmin]
in SYSTEMPATH\Database\BaseBuilder.php on line 1631.
 1 APPPATH\Models\ApiModel.php(223): CodeIgniter\Database\BaseBuilder->get('users')
 2 APPPATH\Controllers\HomeController.php(82): App\Models\ApiModel->getUserByEmail('raeeskhan3370@gmail.com')
 3 SYSTEMPATH\CodeIgniter.php(933): App\Controllers\HomeController->login()
 4 SYSTEMPATH\CodeIgniter.php(509): CodeIgniter\CodeIgniter->runController(Object(App\Controllers\HomeController))
 5 SYSTEMPATH\CodeIgniter.php(355): CodeIgniter\CodeIgniter->handleRequest(null, Object(Config\Cache), false)
 6 SYSTEMPATH\Boot.php(325): CodeIgniter\CodeIgniter->run()
 7 SYSTEMPATH\Boot.php(67): CodeIgniter\Boot::runCodeIgniter(Object(CodeIgniter\CodeIgniter))
 8 FCPATH\index.php(56): CodeIgniter\Boot::bootWeb(Object(Config\Paths))
CRITICAL - 2024-10-24 06:02:37 --> TypeError: CodeIgniter\Database\BaseBuilder::get(): Argument #1 ($limit) must be of type ?int, string given, called in C:\xampp\htdocs\SimpleApi\app\Models\ApiModel.php on line 223
[Method: GET, Route: checkAdmin]
in SYSTEMPATH\Database\BaseBuilder.php on line 1631.
 1 APPPATH\Models\ApiModel.php(223): CodeIgniter\Database\BaseBuilder->get('users')
 2 APPPATH\Controllers\HomeController.php(82): App\Models\ApiModel->getUserByEmail('raeeskhan3370@gmail.com')
 3 SYSTEMPATH\CodeIgniter.php(933): App\Controllers\HomeController->login()
 4 SYSTEMPATH\CodeIgniter.php(509): CodeIgniter\CodeIgniter->runController(Object(App\Controllers\HomeController))
 5 SYSTEMPATH\CodeIgniter.php(355): CodeIgniter\CodeIgniter->handleRequest(null, Object(Config\Cache), false)
 6 SYSTEMPATH\Boot.php(325): CodeIgniter\CodeIgniter->run()
 7 SYSTEMPATH\Boot.php(67): CodeIgniter\Boot::runCodeIgniter(Object(CodeIgniter\CodeIgniter))
 8 FCPATH\index.php(56): CodeIgniter\Boot::bootWeb(Object(Config\Paths))
CRITICAL - 2024-10-24 06:02:38 --> TypeError: CodeIgniter\Database\BaseBuilder::get(): Argument #1 ($limit) must be of type ?int, string given, called in C:\xampp\htdocs\SimpleApi\app\Models\ApiModel.php on line 223
[Method: GET, Route: checkAdmin]
in SYSTEMPATH\Database\BaseBuilder.php on line 1631.
 1 APPPATH\Models\ApiModel.php(223): CodeIgniter\Database\BaseBuilder->get('users')
 2 APPPATH\Controllers\HomeController.php(82): App\Models\ApiModel->getUserByEmail('raeeskhan3370@gmail.com')
 3 SYSTEMPATH\CodeIgniter.php(933): App\Controllers\HomeController->login()
 4 SYSTEMPATH\CodeIgniter.php(509): CodeIgniter\CodeIgniter->runController(Object(App\Controllers\HomeController))
 5 SYSTEMPATH\CodeIgniter.php(355): CodeIgniter\CodeIgniter->handleRequest(null, Object(Config\Cache), false)
 6 SYSTEMPATH\Boot.php(325): CodeIgniter\CodeIgniter->run()
 7 SYSTEMPATH\Boot.php(67): CodeIgniter\Boot::runCodeIgniter(Object(CodeIgniter\CodeIgniter))
 8 FCPATH\index.php(56): CodeIgniter\Boot::bootWeb(Object(Config\Paths))
CRITICAL - 2024-10-24 06:11:28 --> TypeError: CodeIgniter\Database\BaseBuilder::get(): Argument #1 ($limit) must be of type ?int, string given, called in C:\xampp\htdocs\SimpleApi\app\Models\ApiModel.php on line 223
[Method: GET, Route: checkAdmin]
in SYSTEMPATH\Database\BaseBuilder.php on line 1631.
 1 APPPATH\Models\ApiModel.php(223): CodeIgniter\Database\BaseBuilder->get('users')
 2 APPPATH\Controllers\HomeController.php(82): App\Models\ApiModel->getUserByEmail('')
 3 SYSTEMPATH\CodeIgniter.php(933): App\Controllers\HomeController->login()
 4 SYSTEMPATH\CodeIgniter.php(509): CodeIgniter\CodeIgniter->runController(Object(App\Controllers\HomeController))
 5 SYSTEMPATH\CodeIgniter.php(355): CodeIgniter\CodeIgniter->handleRequest(null, Object(Config\Cache), false)
 6 SYSTEMPATH\Boot.php(325): CodeIgniter\CodeIgniter->run()
 7 SYSTEMPATH\Boot.php(67): CodeIgniter\Boot::runCodeIgniter(Object(CodeIgniter\CodeIgniter))
 8 FCPATH\index.php(56): CodeIgniter\Boot::bootWeb(Object(Config\Paths))
CRITICAL - 2024-10-24 06:11:44 --> TypeError: CodeIgniter\Database\BaseBuilder::get(): Argument #1 ($limit) must be of type ?int, string given, called in C:\xampp\htdocs\SimpleApi\app\Models\ApiModel.php on line 223
[Method: GET, Route: checkAdmin]
in SYSTEMPATH\Database\BaseBuilder.php on line 1631.
 1 APPPATH\Models\ApiModel.php(223): CodeIgniter\Database\BaseBuilder->get('users')
 2 APPPATH\Controllers\HomeController.php(82): App\Models\ApiModel->getUserByEmail('')
 3 SYSTEMPATH\CodeIgniter.php(933): App\Controllers\HomeController->login()
 4 SYSTEMPATH\CodeIgniter.php(509): CodeIgniter\CodeIgniter->runController(Object(App\Controllers\HomeController))
 5 SYSTEMPATH\CodeIgniter.php(355): CodeIgniter\CodeIgniter->handleRequest(null, Object(Config\Cache), false)
 6 SYSTEMPATH\Boot.php(325): CodeIgniter\CodeIgniter->run()
 7 SYSTEMPATH\Boot.php(67): CodeIgniter\Boot::runCodeIgniter(Object(CodeIgniter\CodeIgniter))
 8 FCPATH\index.php(56): CodeIgniter\Boot::bootWeb(Object(Config\Paths))
CRITICAL - 2024-10-24 06:11:53 --> TypeError: CodeIgniter\Database\BaseBuilder::get(): Argument #1 ($limit) must be of type ?int, string given, called in C:\xampp\htdocs\SimpleApi\app\Models\ApiModel.php on line 223
[Method: GET, Route: checkAdmin]
in SYSTEMPATH\Database\BaseBuilder.php on line 1631.
 1 APPPATH\Models\ApiModel.php(223): CodeIgniter\Database\BaseBuilder->get('users')
 2 APPPATH\Controllers\HomeController.php(82): App\Models\ApiModel->getUserByEmail('raeeskhan3370@gmail.com')
 3 SYSTEMPATH\CodeIgniter.php(933): App\Controllers\HomeController->login()
 4 SYSTEMPATH\CodeIgniter.php(509): CodeIgniter\CodeIgniter->runController(Object(App\Controllers\HomeController))
 5 SYSTEMPATH\CodeIgniter.php(355): CodeIgniter\CodeIgniter->handleRequest(null, Object(Config\Cache), false)
 6 SYSTEMPATH\Boot.php(325): CodeIgniter\CodeIgniter->run()
 7 SYSTEMPATH\Boot.php(67): CodeIgniter\Boot::runCodeIgniter(Object(CodeIgniter\CodeIgniter))
 8 FCPATH\index.php(56): CodeIgniter\Boot::bootWeb(Object(Config\Paths))
CRITICAL - 2024-10-24 06:11:54 --> TypeError: CodeIgniter\Database\BaseBuilder::get(): Argument #1 ($limit) must be of type ?int, string given, called in C:\xampp\htdocs\SimpleApi\app\Models\ApiModel.php on line 223
[Method: GET, Route: checkAdmin]
in SYSTEMPATH\Database\BaseBuilder.php on line 1631.
 1 APPPATH\Models\ApiModel.php(223): CodeIgniter\Database\BaseBuilder->get('users')
 2 APPPATH\Controllers\HomeController.php(82): App\Models\ApiModel->getUserByEmail('raeeskhan3370@gmail.com')
 3 SYSTEMPATH\CodeIgniter.php(933): App\Controllers\HomeController->login()
 4 SYSTEMPATH\CodeIgniter.php(509): CodeIgniter\CodeIgniter->runController(Object(App\Controllers\HomeController))
 5 SYSTEMPATH\CodeIgniter.php(355): CodeIgniter\CodeIgniter->handleRequest(null, Object(Config\Cache), false)
 6 SYSTEMPATH\Boot.php(325): CodeIgniter\CodeIgniter->run()
 7 SYSTEMPATH\Boot.php(67): CodeIgniter\Boot::runCodeIgniter(Object(CodeIgniter\CodeIgniter))
 8 FCPATH\index.php(56): CodeIgniter\Boot::bootWeb(Object(Config\Paths))
CRITICAL - 2024-10-24 06:11:55 --> TypeError: CodeIgniter\Database\BaseBuilder::get(): Argument #1 ($limit) must be of type ?int, string given, called in C:\xampp\htdocs\SimpleApi\app\Models\ApiModel.php on line 223
[Method: GET, Route: checkAdmin]
in SYSTEMPATH\Database\BaseBuilder.php on line 1631.
 1 APPPATH\Models\ApiModel.php(223): CodeIgniter\Database\BaseBuilder->get('users')
 2 APPPATH\Controllers\HomeController.php(82): App\Models\ApiModel->getUserByEmail('raeeskhan3370@gmail.com')
 3 SYSTEMPATH\CodeIgniter.php(933): App\Controllers\HomeController->login()
 4 SYSTEMPATH\CodeIgniter.php(509): CodeIgniter\CodeIgniter->runController(Object(App\Controllers\HomeController))
 5 SYSTEMPATH\CodeIgniter.php(355): CodeIgniter\CodeIgniter->handleRequest(null, Object(Config\Cache), false)
 6 SYSTEMPATH\Boot.php(325): CodeIgniter\CodeIgniter->run()
 7 SYSTEMPATH\Boot.php(67): CodeIgniter\Boot::runCodeIgniter(Object(CodeIgniter\CodeIgniter))
 8 FCPATH\index.php(56): CodeIgniter\Boot::bootWeb(Object(Config\Paths))
CRITICAL - 2024-10-24 06:39:13 --> ErrorException: Trying to access array offset on value of type null
[Method: GET, Route: checkAdmin]
in APPPATH\Controllers\HomeController.php on line 20.
 1 APPPATH\Controllers\HomeController.php(20): CodeIgniter\Debug\Exceptions->errorHandler(2, 'Trying to access array offset on value of type null', 'C:\\xampp\\htdocs\\SimpleApi\\app\\Controllers\\HomeController.php', 20)
 2 SYSTEMPATH\CodeIgniter.php(933): App\Controllers\HomeController->login()
 3 SYSTEMPATH\CodeIgniter.php(509): CodeIgniter\CodeIgniter->runController(Object(App\Controllers\HomeController))
 4 SYSTEMPATH\CodeIgniter.php(355): CodeIgniter\CodeIgniter->handleRequest(null, Object(Config\Cache), false)
 5 SYSTEMPATH\Boot.php(325): CodeIgniter\CodeIgniter->run()
 6 SYSTEMPATH\Boot.php(67): CodeIgniter\Boot::runCodeIgniter(Object(CodeIgniter\CodeIgniter))
 7 FCPATH\index.php(56): CodeIgniter\Boot::bootWeb(Object(Config\Paths))
CRITICAL - 2024-10-24 06:39:16 --> ErrorException: Trying to access array offset on value of type null
[Method: GET, Route: checkAdmin]
in APPPATH\Controllers\HomeController.php on line 20.
 1 APPPATH\Controllers\HomeController.php(20): CodeIgniter\Debug\Exceptions->errorHandler(2, 'Trying to access array offset on value of type null', 'C:\\xampp\\htdocs\\SimpleApi\\app\\Controllers\\HomeController.php', 20)
 2 SYSTEMPATH\CodeIgniter.php(933): App\Controllers\HomeController->login()
 3 SYSTEMPATH\CodeIgniter.php(509): CodeIgniter\CodeIgniter->runController(Object(App\Controllers\HomeController))
 4 SYSTEMPATH\CodeIgniter.php(355): CodeIgniter\CodeIgniter->handleRequest(null, Object(Config\Cache), false)
 5 SYSTEMPATH\Boot.php(325): CodeIgniter\CodeIgniter->run()
 6 SYSTEMPATH\Boot.php(67): CodeIgniter\Boot::runCodeIgniter(Object(CodeIgniter\CodeIgniter))
 7 FCPATH\index.php(56): CodeIgniter\Boot::bootWeb(Object(Config\Paths))
CRITICAL - 2024-10-24 06:43:44 --> ErrorException: Trying to access array offset on value of type null
[Method: GET, Route: checkAdmin]
in APPPATH\Controllers\HomeController.php on line 20.
 1 APPPATH\Controllers\HomeController.php(20): CodeIgniter\Debug\Exceptions->errorHandler(2, 'Trying to access array offset on value of type null', 'C:\\xampp\\htdocs\\SimpleApi\\app\\Controllers\\HomeController.php', 20)
 2 SYSTEMPATH\CodeIgniter.php(933): App\Controllers\HomeController->login()
 3 SYSTEMPATH\CodeIgniter.php(509): CodeIgniter\CodeIgniter->runController(Object(App\Controllers\HomeController))
 4 SYSTEMPATH\CodeIgniter.php(355): CodeIgniter\CodeIgniter->handleRequest(null, Object(Config\Cache), false)
 5 SYSTEMPATH\Boot.php(325): CodeIgniter\CodeIgniter->run()
 6 SYSTEMPATH\Boot.php(67): CodeIgniter\Boot::runCodeIgniter(Object(CodeIgniter\CodeIgniter))
 7 FCPATH\index.php(56): CodeIgniter\Boot::bootWeb(Object(Config\Paths))
CRITICAL - 2024-10-24 06:43:47 --> ErrorException: Trying to access array offset on value of type null
[Method: GET, Route: checkAdmin]
in APPPATH\Controllers\HomeController.php on line 20.
 1 APPPATH\Controllers\HomeController.php(20): CodeIgniter\Debug\Exceptions->errorHandler(2, 'Trying to access array offset on value of type null', 'C:\\xampp\\htdocs\\SimpleApi\\app\\Controllers\\HomeController.php', 20)
 2 SYSTEMPATH\CodeIgniter.php(933): App\Controllers\HomeController->login()
 3 SYSTEMPATH\CodeIgniter.php(509): CodeIgniter\CodeIgniter->runController(Object(App\Controllers\HomeController))
 4 SYSTEMPATH\CodeIgniter.php(355): CodeIgniter\CodeIgniter->handleRequest(null, Object(Config\Cache), false)
 5 SYSTEMPATH\Boot.php(325): CodeIgniter\CodeIgniter->run()
 6 SYSTEMPATH\Boot.php(67): CodeIgniter\Boot::runCodeIgniter(Object(CodeIgniter\CodeIgniter))
 7 FCPATH\index.php(56): CodeIgniter\Boot::bootWeb(Object(Config\Paths))
CRITICAL - 2024-10-24 06:44:13 --> TypeError: CodeIgniter\Database\BaseBuilder::get(): Argument #1 ($limit) must be of type ?int, string given, called in C:\xampp\htdocs\SimpleApi\app\Models\ApiModel.php on line 223
[Method: GET, Route: checkAdmin]
in SYSTEMPATH\Database\BaseBuilder.php on line 1631.
 1 APPPATH\Models\ApiModel.php(223): CodeIgniter\Database\BaseBuilder->get('users')
 2 APPPATH\Controllers\HomeController.php(23): App\Models\ApiModel->getUserByEmail('raeeskhan3370@gmail.com')
 3 SYSTEMPATH\CodeIgniter.php(933): App\Controllers\HomeController->login()
 4 SYSTEMPATH\CodeIgniter.php(509): CodeIgniter\CodeIgniter->runController(Object(App\Controllers\HomeController))
 5 SYSTEMPATH\CodeIgniter.php(355): CodeIgniter\CodeIgniter->handleRequest(null, Object(Config\Cache), false)
 6 SYSTEMPATH\Boot.php(325): CodeIgniter\CodeIgniter->run()
 7 SYSTEMPATH\Boot.php(67): CodeIgniter\Boot::runCodeIgniter(Object(CodeIgniter\CodeIgniter))
 8 FCPATH\index.php(56): CodeIgniter\Boot::bootWeb(Object(Config\Paths))
CRITICAL - 2024-10-24 06:44:16 --> TypeError: CodeIgniter\Database\BaseBuilder::get(): Argument #1 ($limit) must be of type ?int, string given, called in C:\xampp\htdocs\SimpleApi\app\Models\ApiModel.php on line 223
[Method: GET, Route: checkAdmin]
in SYSTEMPATH\Database\BaseBuilder.php on line 1631.
 1 APPPATH\Models\ApiModel.php(223): CodeIgniter\Database\BaseBuilder->get('users')
 2 APPPATH\Controllers\HomeController.php(23): App\Models\ApiModel->getUserByEmail('raeeskhan3370@gmail.com')
 3 SYSTEMPATH\CodeIgniter.php(933): App\Controllers\HomeController->login()
 4 SYSTEMPATH\CodeIgniter.php(509): CodeIgniter\CodeIgniter->runController(Object(App\Controllers\HomeController))
 5 SYSTEMPATH\CodeIgniter.php(355): CodeIgniter\CodeIgniter->handleRequest(null, Object(Config\Cache), false)
 6 SYSTEMPATH\Boot.php(325): CodeIgniter\CodeIgniter->run()
 7 SYSTEMPATH\Boot.php(67): CodeIgniter\Boot::runCodeIgniter(Object(CodeIgniter\CodeIgniter))
 8 FCPATH\index.php(56): CodeIgniter\Boot::bootWeb(Object(Config\Paths))
CRITICAL - 2024-10-24 07:06:43 --> ErrorException: Trying to access array offset on value of type null
[Method: GET, Route: checkAdmin]
in APPPATH\Controllers\HomeController.php on line 20.
 1 APPPATH\Controllers\HomeController.php(20): CodeIgniter\Debug\Exceptions->errorHandler(2, 'Trying to access array offset on value of type null', 'C:\\xampp\\htdocs\\SimpleApi\\app\\Controllers\\HomeController.php', 20)
 2 SYSTEMPATH\CodeIgniter.php(933): App\Controllers\HomeController->login()
 3 SYSTEMPATH\CodeIgniter.php(509): CodeIgniter\CodeIgniter->runController(Object(App\Controllers\HomeController))
 4 SYSTEMPATH\CodeIgniter.php(355): CodeIgniter\CodeIgniter->handleRequest(null, Object(Config\Cache), false)
 5 SYSTEMPATH\Boot.php(325): CodeIgniter\CodeIgniter->run()
 6 SYSTEMPATH\Boot.php(67): CodeIgniter\Boot::runCodeIgniter(Object(CodeIgniter\CodeIgniter))
 7 FCPATH\index.php(56): CodeIgniter\Boot::bootWeb(Object(Config\Paths))
CRITICAL - 2024-10-24 07:06:44 --> ErrorException: Trying to access array offset on value of type null
[Method: GET, Route: checkAdmin]
in APPPATH\Controllers\HomeController.php on line 20.
 1 APPPATH\Controllers\HomeController.php(20): CodeIgniter\Debug\Exceptions->errorHandler(2, 'Trying to access array offset on value of type null', 'C:\\xampp\\htdocs\\SimpleApi\\app\\Controllers\\HomeController.php', 20)
 2 SYSTEMPATH\CodeIgniter.php(933): App\Controllers\HomeController->login()
 3 SYSTEMPATH\CodeIgniter.php(509): CodeIgniter\CodeIgniter->runController(Object(App\Controllers\HomeController))
 4 SYSTEMPATH\CodeIgniter.php(355): CodeIgniter\CodeIgniter->handleRequest(null, Object(Config\Cache), false)
 5 SYSTEMPATH\Boot.php(325): CodeIgniter\CodeIgniter->run()
 6 SYSTEMPATH\Boot.php(67): CodeIgniter\Boot::runCodeIgniter(Object(CodeIgniter\CodeIgniter))
 7 FCPATH\index.php(56): CodeIgniter\Boot::bootWeb(Object(Config\Paths))
CRITICAL - 2024-10-24 07:07:07 --> TypeError: CodeIgniter\Database\BaseBuilder::get(): Argument #1 ($limit) must be of type ?int, string given, called in C:\xampp\htdocs\SimpleApi\app\Models\ApiModel.php on line 223
[Method: GET, Route: checkAdmin]
in SYSTEMPATH\Database\BaseBuilder.php on line 1631.
 1 APPPATH\Models\ApiModel.php(223): CodeIgniter\Database\BaseBuilder->get('users')
 2 APPPATH\Controllers\HomeController.php(23): App\Models\ApiModel->getUserByEmail('raeeskhan3370@gmail.com')
 3 SYSTEMPATH\CodeIgniter.php(933): App\Controllers\HomeController->login()
 4 SYSTEMPATH\CodeIgniter.php(509): CodeIgniter\CodeIgniter->runController(Object(App\Controllers\HomeController))
 5 SYSTEMPATH\CodeIgniter.php(355): CodeIgniter\CodeIgniter->handleRequest(null, Object(Config\Cache), false)
 6 SYSTEMPATH\Boot.php(325): CodeIgniter\CodeIgniter->run()
 7 SYSTEMPATH\Boot.php(67): CodeIgniter\Boot::runCodeIgniter(Object(CodeIgniter\CodeIgniter))
 8 FCPATH\index.php(56): CodeIgniter\Boot::bootWeb(Object(Config\Paths))
CRITICAL - 2024-10-24 07:07:17 --> TypeError: CodeIgniter\Database\BaseBuilder::get(): Argument #1 ($limit) must be of type ?int, string given, called in C:\xampp\htdocs\SimpleApi\app\Models\ApiModel.php on line 223
[Method: GET, Route: checkAdmin]
in SYSTEMPATH\Database\BaseBuilder.php on line 1631.
 1 APPPATH\Models\ApiModel.php(223): CodeIgniter\Database\BaseBuilder->get('users')
 2 APPPATH\Controllers\HomeController.php(23): App\Models\ApiModel->getUserByEmail('raeeskhan3370@gmail.com')
 3 SYSTEMPATH\CodeIgniter.php(933): App\Controllers\HomeController->login()
 4 SYSTEMPATH\CodeIgniter.php(509): CodeIgniter\CodeIgniter->runController(Object(App\Controllers\HomeController))
 5 SYSTEMPATH\CodeIgniter.php(355): CodeIgniter\CodeIgniter->handleRequest(null, Object(Config\Cache), false)
 6 SYSTEMPATH\Boot.php(325): CodeIgniter\CodeIgniter->run()
 7 SYSTEMPATH\Boot.php(67): CodeIgniter\Boot::runCodeIgniter(Object(CodeIgniter\CodeIgniter))
 8 FCPATH\index.php(56): CodeIgniter\Boot::bootWeb(Object(Config\Paths))
CRITICAL - 2024-10-24 07:08:48 --> ErrorException: Trying to access array offset on value of type null
[Method: GET, Route: checkAdmin]
in APPPATH\Controllers\HomeController.php on line 20.
 1 APPPATH\Controllers\HomeController.php(20): CodeIgniter\Debug\Exceptions->errorHandler(2, 'Trying to access array offset on value of type null', 'C:\\xampp\\htdocs\\SimpleApi\\app\\Controllers\\HomeController.php', 20)
 2 SYSTEMPATH\CodeIgniter.php(933): App\Controllers\HomeController->login()
 3 SYSTEMPATH\CodeIgniter.php(509): CodeIgniter\CodeIgniter->runController(Object(App\Controllers\HomeController))
 4 SYSTEMPATH\CodeIgniter.php(355): CodeIgniter\CodeIgniter->handleRequest(null, Object(Config\Cache), false)
 5 SYSTEMPATH\Boot.php(325): CodeIgniter\CodeIgniter->run()
 6 SYSTEMPATH\Boot.php(67): CodeIgniter\Boot::runCodeIgniter(Object(CodeIgniter\CodeIgniter))
 7 FCPATH\index.php(56): CodeIgniter\Boot::bootWeb(Object(Config\Paths))
CRITICAL - 2024-10-24 07:08:49 --> ErrorException: Trying to access array offset on value of type null
[Method: GET, Route: checkAdmin]
in APPPATH\Controllers\HomeController.php on line 20.
 1 APPPATH\Controllers\HomeController.php(20): CodeIgniter\Debug\Exceptions->errorHandler(2, 'Trying to access array offset on value of type null', 'C:\\xampp\\htdocs\\SimpleApi\\app\\Controllers\\HomeController.php', 20)
 2 SYSTEMPATH\CodeIgniter.php(933): App\Controllers\HomeController->login()
 3 SYSTEMPATH\CodeIgniter.php(509): CodeIgniter\CodeIgniter->runController(Object(App\Controllers\HomeController))
 4 SYSTEMPATH\CodeIgniter.php(355): CodeIgniter\CodeIgniter->handleRequest(null, Object(Config\Cache), false)
 5 SYSTEMPATH\Boot.php(325): CodeIgniter\CodeIgniter->run()
 6 SYSTEMPATH\Boot.php(67): CodeIgniter\Boot::runCodeIgniter(Object(CodeIgniter\CodeIgniter))
 7 FCPATH\index.php(56): CodeIgniter\Boot::bootWeb(Object(Config\Paths))
CRITICAL - 2024-10-24 07:23:11 --> ErrorException: Trying to access array offset on value of type null
[Method: GET, Route: checkAdmin]
in APPPATH\Controllers\HomeController.php on line 20.
 1 APPPATH\Controllers\HomeController.php(20): CodeIgniter\Debug\Exceptions->errorHandler(2, 'Trying to access array offset on value of type null', 'C:\\xampp\\htdocs\\SimpleApi\\app\\Controllers\\HomeController.php', 20)
 2 SYSTEMPATH\CodeIgniter.php(933): App\Controllers\HomeController->login()
 3 SYSTEMPATH\CodeIgniter.php(509): CodeIgniter\CodeIgniter->runController(Object(App\Controllers\HomeController))
 4 SYSTEMPATH\CodeIgniter.php(355): CodeIgniter\CodeIgniter->handleRequest(null, Object(Config\Cache), false)
 5 SYSTEMPATH\Boot.php(325): CodeIgniter\CodeIgniter->run()
 6 SYSTEMPATH\Boot.php(67): CodeIgniter\Boot::runCodeIgniter(Object(CodeIgniter\CodeIgniter))
 7 FCPATH\index.php(56): CodeIgniter\Boot::bootWeb(Object(Config\Paths))
CRITICAL - 2024-10-24 07:23:12 --> ErrorException: Trying to access array offset on value of type null
[Method: GET, Route: checkAdmin]
in APPPATH\Controllers\HomeController.php on line 20.
 1 APPPATH\Controllers\HomeController.php(20): CodeIgniter\Debug\Exceptions->errorHandler(2, 'Trying to access array offset on value of type null', 'C:\\xampp\\htdocs\\SimpleApi\\app\\Controllers\\HomeController.php', 20)
 2 SYSTEMPATH\CodeIgniter.php(933): App\Controllers\HomeController->login()
 3 SYSTEMPATH\CodeIgniter.php(509): CodeIgniter\CodeIgniter->runController(Object(App\Controllers\HomeController))
 4 SYSTEMPATH\CodeIgniter.php(355): CodeIgniter\CodeIgniter->handleRequest(null, Object(Config\Cache), false)
 5 SYSTEMPATH\Boot.php(325): CodeIgniter\CodeIgniter->run()
 6 SYSTEMPATH\Boot.php(67): CodeIgniter\Boot::runCodeIgniter(Object(CodeIgniter\CodeIgniter))
 7 FCPATH\index.php(56): CodeIgniter\Boot::bootWeb(Object(Config\Paths))
CRITICAL - 2024-10-24 07:26:12 --> TypeError: CodeIgniter\Database\BaseBuilder::get(): Argument #1 ($limit) must be of type ?int, string given, called in C:\xampp\htdocs\SimpleApi\app\Models\ApiModel.php on line 223
[Method: GET, Route: checkAdmin]
in SYSTEMPATH\Database\BaseBuilder.php on line 1631.
 1 APPPATH\Models\ApiModel.php(223): CodeIgniter\Database\BaseBuilder->get('users')
 2 APPPATH\Controllers\HomeController.php(23): App\Models\ApiModel->getUserByEmail('raeeskhan3370@gmail.com')
 3 SYSTEMPATH\CodeIgniter.php(933): App\Controllers\HomeController->login()
 4 SYSTEMPATH\CodeIgniter.php(509): CodeIgniter\CodeIgniter->runController(Object(App\Controllers\HomeController))
 5 SYSTEMPATH\CodeIgniter.php(355): CodeIgniter\CodeIgniter->handleRequest(null, Object(Config\Cache), false)
 6 SYSTEMPATH\Boot.php(325): CodeIgniter\CodeIgniter->run()
 7 SYSTEMPATH\Boot.php(67): CodeIgniter\Boot::runCodeIgniter(Object(CodeIgniter\CodeIgniter))
 8 FCPATH\index.php(56): CodeIgniter\Boot::bootWeb(Object(Config\Paths))
CRITICAL - 2024-10-24 07:27:50 --> CodeIgniter\HTTP\Exceptions\HTTPException: Failed to parse JSON string. Error: Syntax error
[Method: GET, Route: checkAdmin]
in SYSTEMPATH\HTTP\IncomingRequest.php on line 537.
 1 SYSTEMPATH\HTTP\IncomingRequest.php(537): CodeIgniter\HTTP\Exceptions\HTTPException::forInvalidJSON('Syntax error')
 2 APPPATH\Controllers\HomeController.php(19): CodeIgniter\HTTP\IncomingRequest->getJSON(true)
 3 SYSTEMPATH\CodeIgniter.php(933): App\Controllers\HomeController->login()
 4 SYSTEMPATH\CodeIgniter.php(509): CodeIgniter\CodeIgniter->runController(Object(App\Controllers\HomeController))
 5 SYSTEMPATH\CodeIgniter.php(355): CodeIgniter\CodeIgniter->handleRequest(null, Object(Config\Cache), false)
 6 SYSTEMPATH\Boot.php(325): CodeIgniter\CodeIgniter->run()
 7 SYSTEMPATH\Boot.php(67): CodeIgniter\Boot::runCodeIgniter(Object(CodeIgniter\CodeIgniter))
 8 FCPATH\index.php(56): CodeIgniter\Boot::bootWeb(Object(Config\Paths))
CRITICAL - 2024-10-24 07:28:01 --> CodeIgniter\HTTP\Exceptions\HTTPException: Failed to parse JSON string. Error: Syntax error
[Method: GET, Route: checkAdmin]
in SYSTEMPATH\HTTP\IncomingRequest.php on line 537.
 1 SYSTEMPATH\HTTP\IncomingRequest.php(537): CodeIgniter\HTTP\Exceptions\HTTPException::forInvalidJSON('Syntax error')
 2 APPPATH\Controllers\HomeController.php(19): CodeIgniter\HTTP\IncomingRequest->getJSON(true)
 3 SYSTEMPATH\CodeIgniter.php(933): App\Controllers\HomeController->login()
 4 SYSTEMPATH\CodeIgniter.php(509): CodeIgniter\CodeIgniter->runController(Object(App\Controllers\HomeController))
 5 SYSTEMPATH\CodeIgniter.php(355): CodeIgniter\CodeIgniter->handleRequest(null, Object(Config\Cache), false)
 6 SYSTEMPATH\Boot.php(325): CodeIgniter\CodeIgniter->run()
 7 SYSTEMPATH\Boot.php(67): CodeIgniter\Boot::runCodeIgniter(Object(CodeIgniter\CodeIgniter))
 8 FCPATH\index.php(56): CodeIgniter\Boot::bootWeb(Object(Config\Paths))
CRITICAL - 2024-10-24 07:28:09 --> CodeIgniter\HTTP\Exceptions\HTTPException: Failed to parse JSON string. Error: Syntax error
[Method: GET, Route: checkAdmin]
in SYSTEMPATH\HTTP\IncomingRequest.php on line 537.
 1 SYSTEMPATH\HTTP\IncomingRequest.php(537): CodeIgniter\HTTP\Exceptions\HTTPException::forInvalidJSON('Syntax error')
 2 APPPATH\Controllers\HomeController.php(19): CodeIgniter\HTTP\IncomingRequest->getJSON(true)
 3 SYSTEMPATH\CodeIgniter.php(933): App\Controllers\HomeController->login()
 4 SYSTEMPATH\CodeIgniter.php(509): CodeIgniter\CodeIgniter->runController(Object(App\Controllers\HomeController))
 5 SYSTEMPATH\CodeIgniter.php(355): CodeIgniter\CodeIgniter->handleRequest(null, Object(Config\Cache), false)
 6 SYSTEMPATH\Boot.php(325): CodeIgniter\CodeIgniter->run()
 7 SYSTEMPATH\Boot.php(67): CodeIgniter\Boot::runCodeIgniter(Object(CodeIgniter\CodeIgniter))
 8 FCPATH\index.php(56): CodeIgniter\Boot::bootWeb(Object(Config\Paths))
CRITICAL - 2024-10-24 10:55:16 --> ErrorException: Trying to access array offset on value of type null
[Method: GET, Route: checkAdmin]
in APPPATH\Controllers\HomeController.php on line 20.
 1 APPPATH\Controllers\HomeController.php(20): CodeIgniter\Debug\Exceptions->errorHandler(2, 'Trying to access array offset on value of type null', 'C:\\xampp\\htdocs\\SimpleApi\\app\\Controllers\\HomeController.php', 20)
 2 SYSTEMPATH\CodeIgniter.php(933): App\Controllers\HomeController->login()
 3 SYSTEMPATH\CodeIgniter.php(509): CodeIgniter\CodeIgniter->runController(Object(App\Controllers\HomeController))
 4 SYSTEMPATH\CodeIgniter.php(355): CodeIgniter\CodeIgniter->handleRequest(null, Object(Config\Cache), false)
 5 SYSTEMPATH\Boot.php(325): CodeIgniter\CodeIgniter->run()
 6 SYSTEMPATH\Boot.php(67): CodeIgniter\Boot::runCodeIgniter(Object(CodeIgniter\CodeIgniter))
 7 FCPATH\index.php(56): CodeIgniter\Boot::bootWeb(Object(Config\Paths))
