CRITICAL - 2024-10-25 06:04:37 --> TypeError: CodeIgniter\Database\BaseBuilder::get(): Argument #1 ($limit) must be of type ?int, string given, called in C:\xampp\htdocs\SimpleApi\app\Models\ApiModel.php on line 223
[Method: GET, Route: checkAdmin]
in SYSTEMPATH\Database\BaseBuilder.php on line 1631.
 1 APPPATH\Models\ApiModel.php(223): CodeIgniter\Database\BaseBuilder->get('users')
 2 APPPATH\Controllers\HomeController.php(25): App\Models\ApiModel->getUserByEmail('raeeskhan3370@gmail.com')
 3 SYSTEMPATH\CodeIgniter.php(933): App\Controllers\HomeController->login()
 4 SYSTEMPATH\CodeIgniter.php(509): CodeIgniter\CodeIgniter->runController(Object(App\Controllers\HomeController))
 5 SYSTEMPATH\CodeIgniter.php(355): CodeIgniter\CodeIgniter->handleRequest(null, Object(Config\Cache), false)
 6 SYSTEMPATH\Boot.php(325): CodeIgniter\CodeIgniter->run()
 7 SYSTEMPATH\Boot.php(67): CodeIgniter\Boot::runCodeIgniter(Object(CodeIgniter\CodeIgniter))
 8 FCPATH\index.php(56): CodeIgniter\Boot::bootWeb(Object(Config\Paths))
CRITICAL - 2024-10-25 06:10:04 --> TypeError: CodeIgniter\Database\BaseBuilder::get(): Argument #1 ($limit) must be of type ?int, string given, called in C:\xampp\htdocs\SimpleApi\app\Models\ApiModel.php on line 224
[Method: GET, Route: checkAdmin]
in SYSTEMPATH\Database\BaseBuilder.php on line 1631.
 1 APPPATH\Models\ApiModel.php(224): CodeIgniter\Database\BaseBuilder->get('users')
 2 APPPATH\Controllers\HomeController.php(25): App\Models\ApiModel->getUserByEmail('raeeskhan3370@gmail.com')
 3 SYSTEMPATH\CodeIgniter.php(933): App\Controllers\HomeController->login()
 4 SYSTEMPATH\CodeIgniter.php(509): CodeIgniter\CodeIgniter->runController(Object(App\Controllers\HomeController))
 5 SYSTEMPATH\CodeIgniter.php(355): CodeIgniter\CodeIgniter->handleRequest(null, Object(Config\Cache), false)
 6 SYSTEMPATH\Boot.php(325): CodeIgniter\CodeIgniter->run()
 7 SYSTEMPATH\Boot.php(67): CodeIgniter\Boot::runCodeIgniter(Object(CodeIgniter\CodeIgniter))
 8 FCPATH\index.php(56): CodeIgniter\Boot::bootWeb(Object(Config\Paths))
CRITICAL - 2024-10-25 06:11:44 --> ErrorException: Undefined array key "Password"
[Method: GET, Route: checkAdmin]
in APPPATH\Controllers\HomeController.php on line 27.
 1 APPPATH\Controllers\HomeController.php(27): CodeIgniter\Debug\Exceptions->errorHandler(2, 'Undefined array key "Password"', 'C:\\xampp\\htdocs\\SimpleApi\\app\\Controllers\\HomeController.php', 27)
 2 SYSTEMPATH\CodeIgniter.php(933): App\Controllers\HomeController->login()
 3 SYSTEMPATH\CodeIgniter.php(509): CodeIgniter\CodeIgniter->runController(Object(App\Controllers\HomeController))
 4 SYSTEMPATH\CodeIgniter.php(355): CodeIgniter\CodeIgniter->handleRequest(null, Object(Config\Cache), false)
 5 SYSTEMPATH\Boot.php(325): CodeIgniter\CodeIgniter->run()
 6 SYSTEMPATH\Boot.php(67): CodeIgniter\Boot::runCodeIgniter(Object(CodeIgniter\CodeIgniter))
 7 FCPATH\index.php(56): CodeIgniter\Boot::bootWeb(Object(Config\Paths))
CRITICAL - 2024-10-25 06:52:12 --> ErrorException: Undefined array key "Email"
[Method: GET, Route: checkAdmin]
in APPPATH\Controllers\HomeController.php on line 75.
 1 APPPATH\Controllers\HomeController.php(75): CodeIgniter\Debug\Exceptions->errorHandler(2, 'Undefined array key "Email"', 'C:\\xampp\\htdocs\\SimpleApi\\app\\Controllers\\HomeController.php', 75)
 2 SYSTEMPATH\CodeIgniter.php(933): App\Controllers\HomeController->login()
 3 SYSTEMPATH\CodeIgniter.php(509): CodeIgniter\CodeIgniter->runController(Object(App\Controllers\HomeController))
 4 SYSTEMPATH\CodeIgniter.php(355): CodeIgniter\CodeIgniter->handleRequest(null, Object(Config\Cache), false)
 5 SYSTEMPATH\Boot.php(325): CodeIgniter\CodeIgniter->run()
 6 SYSTEMPATH\Boot.php(67): CodeIgniter\Boot::runCodeIgniter(Object(CodeIgniter\CodeIgniter))
 7 FCPATH\index.php(56): CodeIgniter\Boot::bootWeb(Object(Config\Paths))
INFO - 2024-10-25 07:21:47 --> Login request recieved:{"email":"raeeskhan3370@gmail.com","password":"123456789"}
INFO - 2024-10-25 07:21:47 --> Email: raeeskhan3370@gmail.com, Password:123456789
INFO - 2024-10-25 07:22:12 --> Login request recieved:{"email":"raeeskhan3370@gmail.com","password":"123456789"}
INFO - 2024-10-25 07:22:12 --> Email: raeeskhan3370@gmail.com, Password:123456789
INFO - 2024-10-25 07:22:41 --> Login request recieved:{"email":"raeeskhan3370@gmail.com","password":"123456789"}
INFO - 2024-10-25 07:22:41 --> Email: raeeskhan3370@gmail.com, Password:123456789
CRITICAL - 2024-10-25 07:26:38 --> ErrorException: Trying to access array offset on value of type null
[Method: GET, Route: checkAdmin]
in APPPATH\Controllers\HomeController.php on line 23.
 1 APPPATH\Controllers\HomeController.php(23): CodeIgniter\Debug\Exceptions->errorHandler(2, 'Trying to access array offset on value of type null', 'C:\\xampp\\htdocs\\SimpleApi\\app\\Controllers\\HomeController.php', 23)
 2 SYSTEMPATH\CodeIgniter.php(933): App\Controllers\HomeController->login()
 3 SYSTEMPATH\CodeIgniter.php(509): CodeIgniter\CodeIgniter->runController(Object(App\Controllers\HomeController))
 4 SYSTEMPATH\CodeIgniter.php(355): CodeIgniter\CodeIgniter->handleRequest(null, Object(Config\Cache), false)
 5 SYSTEMPATH\Boot.php(325): CodeIgniter\CodeIgniter->run()
 6 SYSTEMPATH\Boot.php(67): CodeIgniter\Boot::runCodeIgniter(Object(CodeIgniter\CodeIgniter))
 7 FCPATH\index.php(56): CodeIgniter\Boot::bootWeb(Object(Config\Paths))
CRITICAL - 2024-10-25 07:27:52 --> ErrorException: Trying to access array offset on value of type null
[Method: GET, Route: checkAdmin]
in APPPATH\Controllers\HomeController.php on line 23.
 1 APPPATH\Controllers\HomeController.php(23): CodeIgniter\Debug\Exceptions->errorHandler(2, 'Trying to access array offset on value of type null', 'C:\\xampp\\htdocs\\SimpleApi\\app\\Controllers\\HomeController.php', 23)
 2 SYSTEMPATH\CodeIgniter.php(933): App\Controllers\HomeController->login()
 3 SYSTEMPATH\CodeIgniter.php(509): CodeIgniter\CodeIgniter->runController(Object(App\Controllers\HomeController))
 4 SYSTEMPATH\CodeIgniter.php(355): CodeIgniter\CodeIgniter->handleRequest(null, Object(Config\Cache), false)
 5 SYSTEMPATH\Boot.php(325): CodeIgniter\CodeIgniter->run()
 6 SYSTEMPATH\Boot.php(67): CodeIgniter\Boot::runCodeIgniter(Object(CodeIgniter\CodeIgniter))
 7 FCPATH\index.php(56): CodeIgniter\Boot::bootWeb(Object(Config\Paths))
CRITICAL - 2024-10-25 07:27:55 --> ErrorException: Trying to access array offset on value of type null
[Method: GET, Route: checkAdmin]
in APPPATH\Controllers\HomeController.php on line 23.
 1 APPPATH\Controllers\HomeController.php(23): CodeIgniter\Debug\Exceptions->errorHandler(2, 'Trying to access array offset on value of type null', 'C:\\xampp\\htdocs\\SimpleApi\\app\\Controllers\\HomeController.php', 23)
 2 SYSTEMPATH\CodeIgniter.php(933): App\Controllers\HomeController->login()
 3 SYSTEMPATH\CodeIgniter.php(509): CodeIgniter\CodeIgniter->runController(Object(App\Controllers\HomeController))
 4 SYSTEMPATH\CodeIgniter.php(355): CodeIgniter\CodeIgniter->handleRequest(null, Object(Config\Cache), false)
 5 SYSTEMPATH\Boot.php(325): CodeIgniter\CodeIgniter->run()
 6 SYSTEMPATH\Boot.php(67): CodeIgniter\Boot::runCodeIgniter(Object(CodeIgniter\CodeIgniter))
 7 FCPATH\index.php(56): CodeIgniter\Boot::bootWeb(Object(Config\Paths))
CRITICAL - 2024-10-25 07:28:47 --> ErrorException: Trying to access array offset on value of type null
[Method: GET, Route: checkAdmin]
in APPPATH\Controllers\HomeController.php on line 23.
 1 APPPATH\Controllers\HomeController.php(23): CodeIgniter\Debug\Exceptions->errorHandler(2, 'Trying to access array offset on value of type null', 'C:\\xampp\\htdocs\\SimpleApi\\app\\Controllers\\HomeController.php', 23)
 2 SYSTEMPATH\CodeIgniter.php(933): App\Controllers\HomeController->login()
 3 SYSTEMPATH\CodeIgniter.php(509): CodeIgniter\CodeIgniter->runController(Object(App\Controllers\HomeController))
 4 SYSTEMPATH\CodeIgniter.php(355): CodeIgniter\CodeIgniter->handleRequest(null, Object(Config\Cache), false)
 5 SYSTEMPATH\Boot.php(325): CodeIgniter\CodeIgniter->run()
 6 SYSTEMPATH\Boot.php(67): CodeIgniter\Boot::runCodeIgniter(Object(CodeIgniter\CodeIgniter))
 7 FCPATH\index.php(56): CodeIgniter\Boot::bootWeb(Object(Config\Paths))
